<?xml version="1.0" encoding="UTF-8"?>
<!-- Generated by org.testng.reporters.JUnitXMLReporter -->
<testsuite hostname="DEEPANSHU26" ignored="1" name="Default test" tests="8" failures="0" timestamp="16 Oct 2019 20:25:33 GMT" time="305.262" errors="0">
  <testcase name="addContactTest" time="20.222" classname="com.CRM.testcase.ContactPageTest"/>
  <testcase name="addContactTest" time="20.632" classname="com.CRM.testcase.ContactPageTest"/>
  <testcase name="addContactTest" time="20.057" classname="com.CRM.testcase.ContactPageTest"/>
  <testcase name="addContactTest" time="19.841" classname="com.CRM.testcase.ContactPageTest"/>
  <testcase name="deleteContactTest" time="17.719" classname="com.CRM.testcase.ContactPageTest"/>
  <testcase name="deleteContactTest" time="17.701" classname="com.CRM.testcase.ContactPageTest"/>
  <testcase name="deleteContactTest" time="17.632" classname="com.CRM.testcase.ContactPageTest"/>
  <testcase name="deleteContactTest" time="17.636" classname="com.CRM.testcase.ContactPageTest"/>
  <testcase name="verfiyTitle" time="0.0" classname="com.CRM.testcase.ContactPageTest">
    <ignored/>
  </testcase> <!-- verfiyTitle -->
</testsuite> <!-- Default test -->
