<?xml version="1.0" encoding="UTF-8" ?>
<testsuite tests="32" failures="2" name="TestSuite" time="5,823.321" errors="0" skipped="25">
  <properties>
[...]
</properties>
  <testcase classname="com.CRM.testcase.ContactPageTest" name="verfiyTitle" time="0.03"/>
  <testcase classname="com.CRM.testcase.HomePageTest" name="initialisation" time="610.284">
    <failure message="timeout: Timed out receiving message from renderer: 600.000
  (Session info: chrome=78.0.3904.97)
  (Driver info: chromedriver=2.44.609538 (b655c5a60b0b544917107a59d4153d4bf78e1b90),platform=Windows NT 10.0.18956 x86_64) (WARNING: The server did not provide any stacktrace information)
Command duration or timeout: 0 milliseconds
Build info: version: &apos;3.141.59&apos;, revision: &apos;e82be7d358&apos;, time: &apos;2018-11-14T08:17:03&apos;
System info: host: &apos;DEEPANSHU26&apos;, ip: &apos;172.22.0.1&apos;, os.name: &apos;Windows 10&apos;, os.arch: &apos;amd64&apos;, os.version: &apos;10.0&apos;, java.version: &apos;1.8.0_181&apos;
Driver info: org.openqa.selenium.chrome.ChromeDriver
Capabilities {acceptInsecureCerts: false, acceptSslCerts: false, applicationCacheEnabled: false, browserConnectionEnabled: false, browserName: chrome, chrome: {chromedriverVersion: 2.44.609538 (b655c5a60b0b54..., userDataDir: C:\WINDOWS\TEMP\scoped_dir2...}, cssSelectorsEnabled: true, databaseEnabled: false, goog:chromeOptions: {debuggerAddress: localhost:55247}, handlesAlerts: true, hasTouchScreen: false, javascriptEnabled: true, locationContextEnabled: true, mobileEmulationEnabled: false, nativeEvents: true, networkConnectionEnabled: false, pageLoadStrategy: normal, platform: XP, platformName: XP, rotatable: false, setWindowRect: true, takesHeapSnapshot: true, takesScreenshot: true, unexpectedAlertBehaviour: ignore, unhandledPromptBehavior: ignore, version: 78.0.3904.97, webStorageEnabled: true}
Session ID: 1d946306aac87402bf8977c078cc8a52" type="org.openqa.selenium.TimeoutException">org.openqa.selenium.TimeoutException: timeout: Timed out receiving message from renderer: 600.000
  (Session info: chrome=78.0.3904.97)
  (Driver info: chromedriver=2.44.609538 (b655c5a60b0b544917107a59d4153d4bf78e1b90),platform=Windows NT 10.0.18956 x86_64) (WARNING: The server did not provide any stacktrace information)
Command duration or timeout: 0 milliseconds
Build info: version: &apos;3.141.59&apos;, revision: &apos;e82be7d358&apos;, time: &apos;2018-11-14T08:17:03&apos;
System info: host: &apos;DEEPANSHU26&apos;, ip: &apos;172.22.0.1&apos;, os.name: &apos;Windows 10&apos;, os.arch: &apos;amd64&apos;, os.version: &apos;10.0&apos;, java.version: &apos;1.8.0_181&apos;
Driver info: org.openqa.selenium.chrome.ChromeDriver
Capabilities {acceptInsecureCerts: false, acceptSslCerts: false, applicationCacheEnabled: false, browserConnectionEnabled: false, browserName: chrome, chrome: {chromedriverVersion: 2.44.609538 (b655c5a60b0b54..., userDataDir: C:\WINDOWS\TEMP\scoped_dir2...}, cssSelectorsEnabled: true, databaseEnabled: false, goog:chromeOptions: {debuggerAddress: localhost:55247}, handlesAlerts: true, hasTouchScreen: false, javascriptEnabled: true, locationContextEnabled: true, mobileEmulationEnabled: false, nativeEvents: true, networkConnectionEnabled: false, pageLoadStrategy: normal, platform: XP, platformName: XP, rotatable: false, setWindowRect: true, takesHeapSnapshot: true, takesScreenshot: true, unexpectedAlertBehaviour: ignore, unhandledPromptBehavior: ignore, version: 78.0.3904.97, webStorageEnabled: true}
Session ID: 1d946306aac87402bf8977c078cc8a52
	at sun.reflect.NativeConstructorAccessorImpl.newInstance0(Native Method)
	at sun.reflect.NativeConstructorAccessorImpl.newInstance(NativeConstructorAccessorImpl.java:62)
	at sun.reflect.DelegatingConstructorAccessorImpl.newInstance(DelegatingConstructorAccessorImpl.java:45)
	at java.lang.reflect.Constructor.newInstance(Constructor.java:423)
	at org.openqa.selenium.remote.ErrorHandler.createThrowable(ErrorHandler.java:214)
	at org.openqa.selenium.remote.ErrorHandler.throwIfResponseFailed(ErrorHandler.java:166)
	at org.openqa.selenium.remote.http.JsonHttpResponseCodec.reconstructValue(JsonHttpResponseCodec.java:40)
	at org.openqa.selenium.remote.http.AbstractHttpResponseCodec.decode(AbstractHttpResponseCodec.java:80)
	at org.openqa.selenium.remote.http.AbstractHttpResponseCodec.decode(AbstractHttpResponseCodec.java:44)
	at org.openqa.selenium.remote.HttpCommandExecutor.execute(HttpCommandExecutor.java:158)
	at org.openqa.selenium.remote.service.DriverCommandExecutor.execute(DriverCommandExecutor.java:83)
	at org.openqa.selenium.remote.RemoteWebDriver.execute(RemoteWebDriver.java:552)
	at org.openqa.selenium.remote.RemoteWebDriver.execute(RemoteWebDriver.java:609)
	at org.openqa.selenium.remote.RemoteWebDriver$RemoteWebDriverOptions$RemoteWindow.maximize(RemoteWebDriver.java:837)
	at org.openqa.selenium.support.events.EventFiringWebDriver$EventFiringWindow.maximize(EventFiringWebDriver.java:769)
	at com.CRM.BaseClass.BaseClass.launch_Browser(BaseClass.java:56)
	at com.CRM.testcase.HomePageTest.initialisation(HomePageTest.java:21)
</failure>
    <system-err>Starting ChromeDriver 2.44.609538 (b655c5a60b0b544917107a59d4153d4bf78e1b90) on port 6092
Only local connections are allowed.
[1574281886.911][WARNING]: Timed out connecting to Chrome, retrying...
Nov 21, 2019 2:01:28 AM org.openqa.selenium.remote.ProtocolHandshake createSession
INFO: Detected dialect: OSS
[1574281890.930][WARNING]: Timed out connecting to Chrome, retrying...
[1574282492.941][SEVERE]: Timed out receiving message from renderer: 600.000
</system-err>
  </testcase>
  <testcase classname="com.CRM.testcase.HomePageTest" name="verifyUserNameTest" time="610.285">
    <skipped/>
  </testcase>
  <testcase classname="com.CRM.testcase.HomePageTest" name="terminate" time="610.285">
    <skipped/>
  </testcase>
  <testcase classname="com.CRM.testcase.LoginPageTest" name="loginPage_titleTest" time="0.008"/>
  <testcase classname="com.CRM.testcase.HomePageTest" name="initialisation" time="4.548">
    <skipped/>
  </testcase>
  <testcase classname="com.CRM.testcase.HomePageTest" name="navigateToContactPage" time="4.548">
    <skipped/>
  </testcase>
  <testcase classname="com.CRM.testcase.HomePageTest" name="terminate" time="4.548">
    <skipped/>
  </testcase>
  <testcase classname="com.CRM.testcase.ContactPageTest" name="addContactTest" time="41.357"/>
  <testcase classname="com.CRM.testcase.ContactPageTest" name="addContactTest" time="22.866"/>
  <testcase classname="com.CRM.testcase.ContactPageTest" name="initialize" time="637.189">
    <failure message="timeout: Timed out receiving message from renderer: 600.000
  (Session info: chrome=78.0.3904.97)
  (Driver info: chromedriver=2.44.609538 (b655c5a60b0b544917107a59d4153d4bf78e1b90),platform=Windows NT 10.0.18956 x86_64) (WARNING: The server did not provide any stacktrace information)
Command duration or timeout: 0 milliseconds
Build info: version: &apos;3.141.59&apos;, revision: &apos;e82be7d358&apos;, time: &apos;2018-11-14T08:17:03&apos;
System info: host: &apos;DEEPANSHU26&apos;, ip: &apos;172.22.0.1&apos;, os.name: &apos;Windows 10&apos;, os.arch: &apos;amd64&apos;, os.version: &apos;10.0&apos;, java.version: &apos;1.8.0_181&apos;
Driver info: org.openqa.selenium.chrome.ChromeDriver
Capabilities {acceptInsecureCerts: false, acceptSslCerts: false, applicationCacheEnabled: false, browserConnectionEnabled: false, browserName: chrome, chrome: {chromedriverVersion: 2.44.609538 (b655c5a60b0b54..., userDataDir: C:\WINDOWS\TEMP\scoped_dir4...}, cssSelectorsEnabled: true, databaseEnabled: false, goog:chromeOptions: {debuggerAddress: localhost:55697}, handlesAlerts: true, hasTouchScreen: false, javascriptEnabled: true, locationContextEnabled: true, mobileEmulationEnabled: false, nativeEvents: true, networkConnectionEnabled: false, pageLoadStrategy: normal, platform: XP, platformName: XP, rotatable: false, setWindowRect: true, takesHeapSnapshot: true, takesScreenshot: true, unexpectedAlertBehaviour: ignore, unhandledPromptBehavior: ignore, version: 78.0.3904.97, webStorageEnabled: true}
Session ID: ba122eb1a324c0d27f85581809544051" type="org.openqa.selenium.TimeoutException">org.openqa.selenium.TimeoutException: timeout: Timed out receiving message from renderer: 600.000
  (Session info: chrome=78.0.3904.97)
  (Driver info: chromedriver=2.44.609538 (b655c5a60b0b544917107a59d4153d4bf78e1b90),platform=Windows NT 10.0.18956 x86_64) (WARNING: The server did not provide any stacktrace information)
Command duration or timeout: 0 milliseconds
Build info: version: &apos;3.141.59&apos;, revision: &apos;e82be7d358&apos;, time: &apos;2018-11-14T08:17:03&apos;
System info: host: &apos;DEEPANSHU26&apos;, ip: &apos;172.22.0.1&apos;, os.name: &apos;Windows 10&apos;, os.arch: &apos;amd64&apos;, os.version: &apos;10.0&apos;, java.version: &apos;1.8.0_181&apos;
Driver info: org.openqa.selenium.chrome.ChromeDriver
Capabilities {acceptInsecureCerts: false, acceptSslCerts: false, applicationCacheEnabled: false, browserConnectionEnabled: false, browserName: chrome, chrome: {chromedriverVersion: 2.44.609538 (b655c5a60b0b54..., userDataDir: C:\WINDOWS\TEMP\scoped_dir4...}, cssSelectorsEnabled: true, databaseEnabled: false, goog:chromeOptions: {debuggerAddress: localhost:55697}, handlesAlerts: true, hasTouchScreen: false, javascriptEnabled: true, locationContextEnabled: true, mobileEmulationEnabled: false, nativeEvents: true, networkConnectionEnabled: false, pageLoadStrategy: normal, platform: XP, platformName: XP, rotatable: false, setWindowRect: true, takesHeapSnapshot: true, takesScreenshot: true, unexpectedAlertBehaviour: ignore, unhandledPromptBehavior: ignore, version: 78.0.3904.97, webStorageEnabled: true}
Session ID: ba122eb1a324c0d27f85581809544051
	at sun.reflect.NativeConstructorAccessorImpl.newInstance0(Native Method)
	at sun.reflect.NativeConstructorAccessorImpl.newInstance(NativeConstructorAccessorImpl.java:62)
	at sun.reflect.DelegatingConstructorAccessorImpl.newInstance(DelegatingConstructorAccessorImpl.java:45)
	at java.lang.reflect.Constructor.newInstance(Constructor.java:423)
	at org.openqa.selenium.remote.ErrorHandler.createThrowable(ErrorHandler.java:214)
	at org.openqa.selenium.remote.ErrorHandler.throwIfResponseFailed(ErrorHandler.java:166)
	at org.openqa.selenium.remote.http.JsonHttpResponseCodec.reconstructValue(JsonHttpResponseCodec.java:40)
	at org.openqa.selenium.remote.http.AbstractHttpResponseCodec.decode(AbstractHttpResponseCodec.java:80)
	at org.openqa.selenium.remote.http.AbstractHttpResponseCodec.decode(AbstractHttpResponseCodec.java:44)
	at org.openqa.selenium.remote.HttpCommandExecutor.execute(HttpCommandExecutor.java:158)
	at org.openqa.selenium.remote.service.DriverCommandExecutor.execute(DriverCommandExecutor.java:83)
	at org.openqa.selenium.remote.RemoteWebDriver.execute(RemoteWebDriver.java:552)
	at org.openqa.selenium.remote.RemoteWebDriver.execute(RemoteWebDriver.java:609)
	at org.openqa.selenium.remote.RemoteWebDriver$RemoteWebDriverOptions$RemoteWindow.maximize(RemoteWebDriver.java:837)
	at org.openqa.selenium.support.events.EventFiringWebDriver$EventFiringWindow.maximize(EventFiringWebDriver.java:769)
	at com.CRM.BaseClass.BaseClass.launch_Browser(BaseClass.java:56)
	at com.CRM.testcase.ContactPageTest.initialize(ContactPageTest.java:24)
</failure>
    <system-err>Starting ChromeDriver 2.44.609538 (b655c5a60b0b544917107a59d4153d4bf78e1b90) on port 13197
Only local connections are allowed.
[1574282651.016][WARNING]: Timed out connecting to Chrome, retrying...
Nov 21, 2019 2:14:13 AM org.openqa.selenium.remote.ProtocolHandshake createSession
INFO: Detected dialect: OSS
[1574282655.218][WARNING]: Timed out connecting to Chrome, retrying...
[1574283257.531][SEVERE]: Timed out receiving message from renderer: 600.000
</system-err>
  </testcase>
  <testcase classname="com.CRM.testcase.ContactPageTest" name="addContactTest" time="637.189">
    <skipped/>
  </testcase>
  <testcase classname="com.CRM.testcase.ContactPageTest" name="terminate" time="637.189">
    <skipped/>
  </testcase>
  <testcase classname="com.CRM.testcase.ContactPageTest" name="initialize" time="637.189">
    <skipped/>
  </testcase>
  <testcase classname="com.CRM.testcase.ContactPageTest" name="addContactTest" time="637.19">
    <skipped/>
  </testcase>
  <testcase classname="com.CRM.testcase.ContactPageTest" name="terminate" time="637.19">
    <skipped/>
  </testcase>
  <testcase classname="com.CRM.testcase.LoginPageTest" name="logintest" time="1.255"/>
  <testcase classname="com.CRM.testcase.HomePageTest" name="initialisation" time="5.976">
    <skipped/>
  </testcase>
  <testcase classname="com.CRM.testcase.HomePageTest" name="verfifyHomePageTest" time="5.976">
    <skipped/>
  </testcase>
  <testcase classname="com.CRM.testcase.HomePageTest" name="terminate" time="5.976">
    <skipped/>
  </testcase>
  <testcase classname="com.CRM.testcase.ContactPageTest" name="initialize" time="6.02">
    <skipped/>
  </testcase>
  <testcase classname="com.CRM.testcase.ContactPageTest" name="deleteContactTest" time="6.02">
    <skipped/>
  </testcase>
  <testcase classname="com.CRM.testcase.ContactPageTest" name="terminate" time="6.02">
    <skipped/>
  </testcase>
  <testcase classname="com.CRM.testcase.ContactPageTest" name="initialize" time="6.02">
    <skipped/>
  </testcase>
  <testcase classname="com.CRM.testcase.ContactPageTest" name="deleteContactTest" time="6.02">
    <skipped/>
  </testcase>
  <testcase classname="com.CRM.testcase.ContactPageTest" name="terminate" time="6.02">
    <skipped/>
  </testcase>
  <testcase classname="com.CRM.testcase.ContactPageTest" name="initialize" time="6.02">
    <skipped/>
  </testcase>
  <testcase classname="com.CRM.testcase.ContactPageTest" name="deleteContactTest" time="6.02">
    <skipped/>
  </testcase>
  <testcase classname="com.CRM.testcase.ContactPageTest" name="terminate" time="6.02">
    <skipped/>
  </testcase>
  <testcase classname="com.CRM.testcase.ContactPageTest" name="initialize" time="6.021">
    <skipped/>
  </testcase>
  <testcase classname="com.CRM.testcase.ContactPageTest" name="deleteContactTest" time="6.021">
    <skipped/>
  </testcase>
  <testcase classname="com.CRM.testcase.ContactPageTest" name="terminate" time="6.021">
    <skipped/>
  </testcase>
</testsuite>